\BOOKMARK [0][-]{chapter.1}{\376\377\000I\000n\000f\000o\000r\000m\000a\000t\000i\000o\000n\000\040\000o\000f\000\040\000t\000h\000e\000\040\000c\000o\000u\000r\000s\000e}{}% 1
\BOOKMARK [1][-]{section.1.1}{\376\377\000C\000o\000u\000r\000s\000e\000\040\000c\000o\000n\000t\000e\000n\000t}{chapter.1}% 2
\BOOKMARK [2][-]{subsection.1.1.1}{\376\377\000L\000e\000a\000r\000n\000i\000n\000g\000\040\000o\000b\000j\000e\000c\000t\000i\000v\000e\000s}{section.1.1}% 3
\BOOKMARK [3][-]{subsubsection*.1}{\376\377\000K\000n\000o\000w\000l\000e\000d\000g\000e}{subsection.1.1.1}% 4
\BOOKMARK [3][-]{subsubsection*.2}{\376\377\000S\000k\000i\000l\000l\000s}{subsection.1.1.1}% 5
\BOOKMARK [3][-]{subsubsection*.3}{\376\377\000C\000o\000m\000p\000e\000t\000e\000n\000c\000e\000s}{subsection.1.1.1}% 6
\BOOKMARK [2][-]{subsection.1.1.2}{\376\377\000T\000e\000a\000c\000h\000i\000n\000g\000\040\000a\000n\000d\000\040\000l\000e\000a\000r\000n\000i\000n\000g\000\040\000m\000e\000t\000h\000o\000d\000s}{section.1.1}% 7
\BOOKMARK [2][-]{subsection.1.1.3}{\376\377\000E\000x\000a\000m}{section.1.1}% 8
\BOOKMARK [0][-]{chapter.2}{\376\377\000L\000e\000c\000t\000u\000r\000e\000\040\000N\000o\000t\000e\000s}{}% 9
\BOOKMARK [1][-]{section.2.1}{\376\377\0000\0005\000.\0000\0009\000.\0002\0004\000\040\000-\000\040\000M\000e\000a\000s\000s\000u\000r\000e\000m\000e\000n\000t\000s}{chapter.2}% 10
\BOOKMARK [2][-]{subsection.2.1.1}{\376\377\000A\000g\000e\000n\000d\000a}{section.2.1}% 11
\BOOKMARK [2][-]{subsection.2.1.2}{\376\377\000V\000a\000r\000i\000a\000b\000i\000l\000i\000t\000y}{section.2.1}% 12
\BOOKMARK [2][-]{subsection.2.1.3}{\376\377\000W\000h\000a\000t\000\040\000i\000s\000\040\000q\000u\000a\000l\000i\000t\000y\000?}{section.2.1}% 13
\BOOKMARK [1][-]{section.2.2}{\376\377\0000\0005\000.\0000\0009\000.\0002\0004\000\040\000-\000\040\000I\000S\000O\000\040\0002\0002\0000\0000\0000\000:\0002\0000\0001\0008\000\040\000-\000\040\000A\000\040\000f\000o\000o\000d\000\040\000s\000a\000f\000e\000t\000y\000\040\000m\000a\000n\000a\000g\000e\000m\000e\000n\000t\000\040\000s\000y\000s\000t\000e\000m\000\040\000s\000t\000a\000n\000d\000a\000r\000d}{chapter.2}% 14
\BOOKMARK [2][-]{subsection.2.2.1}{\376\377\000D\000e\000m\000i\000n\000g\000\040\000C\000i\000r\000c\000l\000e}{section.2.2}% 15
\BOOKMARK [2][-]{subsection.2.2.2}{\376\377\000I\000S\000O\000\040\0002\0002\0000\0000\0000}{section.2.2}% 16
\BOOKMARK [1][-]{section.2.3}{\376\377\0000\0005\000.\0000\0009\000.\0002\0004\000\040\000-\000\040\000H\000A\000C\000C\000P\000\040\000-\000\040\000s\000t\000e\000p\000\040\0009\000:\000\040\000m\000o\000n\000i\000t\000o\000r\000i\000n\000g\000\040\000p\000r\000o\000c\000e\000d\000u\000r\000e\000s}{chapter.2}% 17
\BOOKMARK [0][-]{chapter.3}{\376\377\000G\000r\000o\000u\000p\000e\000\040\000W\000o\000r\000k}{}% 18
\BOOKMARK [1][-]{section.3.1}{\376\377\000C\000a\000s\000e\000\040\000E\000x\000e\000r\000c\000i\000s\000e\000s}{chapter.3}% 19
\BOOKMARK [2][-]{subsection.3.1.1}{\376\377\000C\000a\000s\000e\000\040\0001\000\040\000\050\000I\000n\000t\000r\000o\000\040\000C\000a\000s\000e\000;\000\040\000P\000a\000r\000m\000a\000\040\000H\000a\000m\000\040\000A\000/\000S\000\051\000\040\000-\000\040\0000\0003\000.\0000\0009\000.\0002\0004}{section.3.1}% 20
\BOOKMARK [3][-]{subsubsection*.7}{\376\377\000S\000a\000l\000m\000o\000n\000e\000l\000l\000a\000\040\000s\000s\000p\000.}{subsection.3.1.1}% 21
\BOOKMARK [3][-]{subsubsection*.8}{\376\377\000S\000t\000a\000p\000h\000y\000l\000o\000c\000o\000c\000c\000u\000s\000\040\000a\000u\000r\000e\000u\000s}{subsection.3.1.1}% 22
\BOOKMARK [0][-]{appendix.a.A}{\376\377\000A\000p\000p\000e\000n\000d\000i\000x}{}% 23
